0 info it worked if it ends with ok
1 verbose cli [ 'F:\\installed apps\\latest node installed\\node.exe',
1 verbose cli   'F:\\installed apps\\latest node installed\\node_modules\\npm\\bin\\npm-cli.js',
1 verbose cli   'start' ]
2 info using npm@3.10.8
3 info using node@v6.9.1
4 verbose run-script [ 'prestart', 'start', 'poststart' ]
5 info lifecycle prac@1.0.0~prestart: prac@1.0.0
6 silly lifecycle prac@1.0.0~prestart: no script for prestart, continuing
7 info lifecycle prac@1.0.0~start: prac@1.0.0
8 verbose lifecycle prac@1.0.0~start: unsafe-perm in lifecycle true
9 verbose lifecycle prac@1.0.0~start: PATH: F:\installed apps\latest node installed\node_modules\npm\bin\node-gyp-bin;F:\react js\prac\node_modules\.bin;F:\installed apps\ImageMagick-7.0.2-Q16;c:\program files\graphicsmagick-1.3.24-q8;C:\Program Files\ImageMagick-7.0.2-Q16;C:\ProgramData\Oracle\Java\javapath;C:\Windows\system32;C:\Windows;C:\Windows\System32\Wbem;C:\Windows\System32\WindowsPowerShell\v1.0\;C:\Program Files (x86)\ATI Technologies\ATI.ACE\Core-Static;C:\Program Files\Java\jdk1.8.0_51\bin;C:\Program Files\MongoDB\Server\3.2\bin;F:\installed apps\Git\cmd;C:\Program Files\Java\jre1.8.0_91\bin;C:\Program Files (x86)\Windows Kits\8.1\Windows Performance Toolkit\;F:\installed apps\latest node installed\;C:\Program Files (x86)\Brackets\command;C:\Users\suhail\Miniconda2;C:\Users\suhail\Miniconda2\Scripts;C:\Users\suhail\Miniconda2\Library\bin;C:\Ruby22\bin;C:\Program Files (x86)\Microsoft VS Code\bin;C:\Users\suhail\AppData\Roaming\npm
10 verbose lifecycle prac@1.0.0~start: CWD: F:\react js\prac
11 silly lifecycle prac@1.0.0~start: Args: [ '/d /s /c', 'node app.js' ]
12 verbose stack Error: kill ENOSYS
12 verbose stack     at exports._errnoException (util.js:1026:11)
12 verbose stack     at process.kill (internal/process.js:172:13)
12 verbose stack     at process.listener (F:\installed apps\latest node installed\node_modules\npm\node_modules\npmlog\node_modules\gauge\node_modules\signal-exit\index.js:86:15)
12 verbose stack     at emitNone (events.js:91:20)
12 verbose stack     at process.emit (events.js:185:7)
12 verbose stack     at processEmit (F:\installed apps\latest node installed\node_modules\npm\node_modules\npmlog\node_modules\gauge\node_modules\signal-exit\index.js:146:32)
12 verbose stack     at processEmit (F:\installed apps\latest node installed\node_modules\npm\node_modules\npm-registry-client\node_modules\npmlog\node_modules\gauge\node_modules\signal-exit\index.js:146:32)
12 verbose stack     at Signal.wrap.onsignal (internal/process.js:199:44)
13 verbose cwd F:\react js\prac
14 error Windows_NT 6.1.7600
15 error argv "F:\\installed apps\\latest node installed\\node.exe" "F:\\installed apps\\latest node installed\\node_modules\\npm\\bin\\npm-cli.js" "start"
16 error node v6.9.1
17 error npm  v3.10.8
18 error code ENOSYS
19 error errno ENOSYS
20 error syscall kill
21 error kill ENOSYS
22 error If you need help, you may report this error at:
22 error     <https://github.com/npm/npm/issues>
23 verbose exit [ 1, true ]
